<?xml version="1.0" encoding="UTF-8"?>
<testng-results ignored="0" total="1" passed="1" failed="0" skipped="0">
  <reporter-output>
  </reporter-output>
  <suite started-at="2023-01-08T11:19:59 IST" name="Suite" finished-at="2023-01-08T11:19:59 IST" duration-ms="97">
    <groups>
    </groups>
    <test started-at="2023-01-08T11:19:59 IST" name="Test" finished-at="2023-01-08T11:19:59 IST" duration-ms="97">
      <class name="xmlParameterizationPractice.PracticeTestngparameters">
        <test-method signature="demoTest(org.testng.xml.XmlTest)[pri:0, instance:xmlParameterizationPractice.PracticeTestngparameters@41a0aa7d]" started-at="2023-01-08T11:19:59 IST" name="demoTest" finished-at="2023-01-08T11:19:59 IST" duration-ms="16" status="PASS">
          <params>
            <param index="0">
              <value>
                <![CDATA[org.testng.xml.XmlTest@fd37e726]]>
              </value>
            </param>
          </params>
          <reporter-output>
          </reporter-output>
        </test-method> <!-- demoTest -->
      </class> <!-- xmlParameterizationPractice.PracticeTestngparameters -->
    </test> <!-- Test -->
  </suite> <!-- Suite -->
</testng-results>
